0 info it worked if it ends with ok
1 verbose cli [ 'node', '/usr/local/bin/npm', 'install', '-g', 'plugman' ]
2 info using npm@1.4.28
3 info using node@v0.10.33
4 verbose cache add [ 'plugman', null ]
5 verbose cache add name=undefined spec="plugman" args=["plugman",null]
6 verbose parsed url { protocol: null,
6 verbose parsed url   slashes: null,
6 verbose parsed url   auth: null,
6 verbose parsed url   host: null,
6 verbose parsed url   port: null,
6 verbose parsed url   hostname: null,
6 verbose parsed url   hash: null,
6 verbose parsed url   search: null,
6 verbose parsed url   query: null,
6 verbose parsed url   pathname: 'plugman',
6 verbose parsed url   path: 'plugman',
6 verbose parsed url   href: 'plugman' }
7 silly lockFile 3c17847d-plugman plugman
8 verbose lock plugman /Users/sandorfehervari/.npm/3c17847d-plugman.lock
9 silly lockFile 3c17847d-plugman plugman
10 silly lockFile 3c17847d-plugman plugman
11 verbose addNamed [ 'plugman', '' ]
12 verbose addNamed [ null, '*' ]
13 silly lockFile 9ad59204-plugman plugman@
14 verbose lock plugman@ /Users/sandorfehervari/.npm/9ad59204-plugman.lock
15 silly addNameRange { name: 'plugman', range: '*', hasData: false }
16 verbose request where is /plugman
17 verbose request registry https://registry.npmjs.org/
18 verbose request id f182efcf20e1e876
19 verbose url raw /plugman
20 verbose url resolving [ 'https://registry.npmjs.org/', './plugman' ]
21 verbose url resolved https://registry.npmjs.org/plugman
22 verbose request where is https://registry.npmjs.org/plugman
23 info trying registry request attempt 1 at 20:31:45
24 http GET https://registry.npmjs.org/plugman
25 http 200 https://registry.npmjs.org/plugman
26 silly registry.get cb [ 200,
26 silly registry.get   { date: 'Sat, 24 Jan 2015 19:31:45 GMT',
26 silly registry.get     server: 'CouchDB/1.5.0 (Erlang OTP/R16B03)',
26 silly registry.get     etag: '"16BG2TEZEMU2FS7KJQC0LIMJJ"',
26 silly registry.get     'content-type': 'application/json',
26 silly registry.get     'cache-control': 'max-age=60',
26 silly registry.get     'content-length': '137371',
26 silly registry.get     'accept-ranges': 'bytes',
26 silly registry.get     via: '1.1 varnish',
26 silly registry.get     age: '5',
26 silly registry.get     'x-served-by': 'cache-fra1243-FRA',
26 silly registry.get     'x-cache': 'HIT',
26 silly registry.get     'x-cache-hits': '1',
26 silly registry.get     'x-timer': 'S1422127905.589525,VS0,VE1',
26 silly registry.get     vary: 'Accept',
26 silly registry.get     'keep-alive': 'timeout=10, max=50',
26 silly registry.get     connection: 'Keep-Alive' } ]
27 silly addNameRange number 2 { name: 'plugman', range: '*', hasData: true }
28 silly addNameRange versions [ 'plugman',
28 silly addNameRange   [ '0.5.6',
28 silly addNameRange     '0.5.7',
28 silly addNameRange     '0.5.8',
28 silly addNameRange     '0.5.9',
28 silly addNameRange     '0.6.0',
28 silly addNameRange     '0.6.1',
28 silly addNameRange     '0.6.2',
28 silly addNameRange     '0.6.3',
28 silly addNameRange     '0.7.0',
28 silly addNameRange     '0.7.1',
28 silly addNameRange     '0.7.2',
28 silly addNameRange     '0.7.3',
28 silly addNameRange     '0.7.4',
28 silly addNameRange     '0.7.5',
28 silly addNameRange     '0.7.6',
28 silly addNameRange     '0.7.7',
28 silly addNameRange     '0.7.8',
28 silly addNameRange     '0.7.9',
28 silly addNameRange     '0.7.10',
28 silly addNameRange     '0.7.11',
28 silly addNameRange     '0.7.12',
28 silly addNameRange     '0.7.13',
28 silly addNameRange     '0.7.14',
28 silly addNameRange     '0.8.0',
28 silly addNameRange     '0.8.1',
28 silly addNameRange     '0.8.2',
28 silly addNameRange     '0.9.0',
28 silly addNameRange     '0.9.1',
28 silly addNameRange     '0.9.2',
28 silly addNameRange     '0.9.3',
28 silly addNameRange     '0.9.4',
28 silly addNameRange     '0.9.5',
28 silly addNameRange     '0.9.6',
28 silly addNameRange     '0.9.7',
28 silly addNameRange     '0.9.8',
28 silly addNameRange     '0.9.9',
28 silly addNameRange     '0.9.10',
28 silly addNameRange     '0.9.11',
28 silly addNameRange     '0.9.20',
28 silly addNameRange     '0.9.21',
28 silly addNameRange     '0.9.22',
28 silly addNameRange     '0.9.23',
28 silly addNameRange     '0.10.0',
28 silly addNameRange     '0.10.1',
28 silly addNameRange     '0.11.0',
28 silly addNameRange     '0.12.0',
28 silly addNameRange     '0.13.0',
28 silly addNameRange     '0.14.0',
28 silly addNameRange     '0.15.0',
28 silly addNameRange     '0.16.0',
28 silly addNameRange     '0.17.0',
28 silly addNameRange     '0.18.0',
28 silly addNameRange     '0.19.0',
28 silly addNameRange     '0.20.0',
28 silly addNameRange     '0.20.1',
28 silly addNameRange     '0.20.2',
28 silly addNameRange     '0.21.0',
28 silly addNameRange     '0.22.0',
28 silly addNameRange     '0.22.1',
28 silly addNameRange     '0.22.2',
28 silly addNameRange     '0.22.4',
28 silly addNameRange     '0.22.5',
28 silly addNameRange     '0.22.6',
28 silly addNameRange     '0.22.7',
28 silly addNameRange     '0.22.8',
28 silly addNameRange     '0.22.9',
28 silly addNameRange     '0.22.10',
28 silly addNameRange     '0.22.11',
28 silly addNameRange     '0.22.12',
28 silly addNameRange     '0.22.14',
28 silly addNameRange     '0.22.15',
28 silly addNameRange     '0.22.16',
28 silly addNameRange     '0.22.17' ] ]
29 verbose addNamed [ 'plugman', '0.22.16' ]
30 verbose addNamed [ '0.22.16', '0.22.16' ]
31 silly lockFile 777f1428-plugman-0-22-16 plugman@0.22.16
32 verbose lock plugman@0.22.16 /Users/sandorfehervari/.npm/777f1428-plugman-0-22-16.lock
33 silly lockFile c96918b2--org-plugman-plugman-0-22-16-tgz https://registry.npmjs.org/plugman/-/plugman-0.22.16.tgz
34 verbose lock https://registry.npmjs.org/plugman/-/plugman-0.22.16.tgz /Users/sandorfehervari/.npm/c96918b2--org-plugman-plugman-0-22-16-tgz.lock
35 verbose addRemoteTarball [ 'https://registry.npmjs.org/plugman/-/plugman-0.22.16.tgz',
35 verbose addRemoteTarball   '28c5eab0dddd7a6b6cbfe4869271bab7e2d04d48' ]
36 info retry fetch attempt 1 at 20:31:45
37 verbose fetch to= /var/folders/r8/c4y8thgn2fb35lzntn40gcjw0000gn/T/npm-405-a6-jZK3M/registry.npmjs.org/plugman/-/plugman-0.22.16.tgz
38 http GET https://registry.npmjs.org/plugman/-/plugman-0.22.16.tgz
39 http 200 https://registry.npmjs.org/plugman/-/plugman-0.22.16.tgz
40 silly lockFile c96918b2--org-plugman-plugman-0-22-16-tgz https://registry.npmjs.org/plugman/-/plugman-0.22.16.tgz
41 silly lockFile c96918b2--org-plugman-plugman-0-22-16-tgz https://registry.npmjs.org/plugman/-/plugman-0.22.16.tgz
42 silly lockFile 777f1428-plugman-0-22-16 plugman@0.22.16
43 silly lockFile 777f1428-plugman-0-22-16 plugman@0.22.16
44 silly lockFile 9ad59204-plugman plugman@
45 silly lockFile 9ad59204-plugman plugman@
46 silly resolved [ { author: { name: 'Andrew Lunny', email: 'alunny@gmail.com' },
46 silly resolved     name: 'plugman',
46 silly resolved     description: 'install/uninstall Cordova plugins',
46 silly resolved     version: '0.22.16',
46 silly resolved     repository:
46 silly resolved      { type: 'git',
46 silly resolved        url: 'git://git-wip-us.apache.org/repos/asf/cordova-plugman.git' },
46 silly resolved     bugs:
46 silly resolved      { url: 'https://issues.apache.org/jira/browse/CB',
46 silly resolved        email: 'dev@cordova.apache.org' },
46 silly resolved     main: 'plugman.js',
46 silly resolved     engines: { node: '>=0.9.9' },
46 silly resolved     engineStrict: true,
46 silly resolved     dependencies:
46 silly resolved      { 'cordova-lib': '4.1.2',
46 silly resolved        nopt: '1.0.9',
46 silly resolved        underscore: '1.7.0',
46 silly resolved        q: '1.0.1',
46 silly resolved        npm: '1.3.4',
46 silly resolved        rc: '0.5.2' },
46 silly resolved     devDependencies: { jshint: '2.5.8', 'jasmine-node': '1.14.5' },
46 silly resolved     bin: { plugman: './main.js' },
46 silly resolved     scripts:
46 silly resolved      { test: 'npm run jasmine && npm run jshint',
46 silly resolved        jshint: 'node node_modules/jshint/bin/jshint src',
46 silly resolved        jasmine: 'jasmine-node --captureExceptions --color spec' },
46 silly resolved     contributors:
46 silly resolved      [ [Object],
46 silly resolved        [Object],
46 silly resolved        [Object],
46 silly resolved        [Object],
46 silly resolved        [Object],
46 silly resolved        [Object],
46 silly resolved        [Object],
46 silly resolved        [Object],
46 silly resolved        [Object],
46 silly resolved        [Object],
46 silly resolved        [Object] ],
46 silly resolved     _id: 'plugman@0.22.16',
46 silly resolved     dist:
46 silly resolved      { shasum: '28c5eab0dddd7a6b6cbfe4869271bab7e2d04d48',
46 silly resolved        tarball: 'http://registry.npmjs.org/plugman/-/plugman-0.22.16.tgz' },
46 silly resolved     _resolved: 'https://registry.npmjs.org/plugman/-/plugman-0.22.16.tgz',
46 silly resolved     _from: 'plugman@',
46 silly resolved     _npmVersion: '1.4.3',
46 silly resolved     _npmUser: { name: 'kamrik', email: 'kamrik@gmail.com' },
46 silly resolved     maintainers:
46 silly resolved      [ [Object],
46 silly resolved        [Object],
46 silly resolved        [Object],
46 silly resolved        [Object],
46 silly resolved        [Object],
46 silly resolved        [Object],
46 silly resolved        [Object],
46 silly resolved        [Object],
46 silly resolved        [Object],
46 silly resolved        [Object],
46 silly resolved        [Object] ],
46 silly resolved     directories: {},
46 silly resolved     _shasum: '28c5eab0dddd7a6b6cbfe4869271bab7e2d04d48' } ]
47 info install plugman@0.22.16 into /usr/local/lib
48 info installOne plugman@0.22.16
49 verbose lib/node_modules/plugman unbuild
50 verbose tar unpack /Users/sandorfehervari/.npm/plugman/0.22.16/package.tgz
51 silly lockFile 816dbcda-r-local-lib-node-modules-plugman tar:///usr/local/lib/node_modules/plugman
52 verbose lock tar:///usr/local/lib/node_modules/plugman /Users/sandorfehervari/.npm/816dbcda-r-local-lib-node-modules-plugman.lock
53 silly lockFile 3ee61129--npm-plugman-0-22-16-package-tgz tar:///Users/sandorfehervari/.npm/plugman/0.22.16/package.tgz
54 verbose lock tar:///Users/sandorfehervari/.npm/plugman/0.22.16/package.tgz /Users/sandorfehervari/.npm/3ee61129--npm-plugman-0-22-16-package-tgz.lock
55 silly gunzTarPerm modes [ '755', '644' ]
56 error Error: EACCES, mkdir '/usr/local/lib/node_modules/plugman'
56 error  { [Error: EACCES, mkdir '/usr/local/lib/node_modules/plugman']
56 error   errno: 3,
56 error   code: 'EACCES',
56 error   path: '/usr/local/lib/node_modules/plugman',
56 error   fstream_type: 'Directory',
56 error   fstream_path: '/usr/local/lib/node_modules/plugman',
56 error   fstream_class: 'DirWriter',
56 error   fstream_stack:
56 error    [ '/usr/local/lib/node_modules/npm/node_modules/fstream/lib/dir-writer.js:36:23',
56 error      '/usr/local/lib/node_modules/npm/node_modules/mkdirp/index.js:46:53',
56 error      'Object.oncomplete (fs.js:107:15)' ] }
57 error Please try running this command again as root/Administrator.
58 error System Darwin 11.4.2
59 error command "node" "/usr/local/bin/npm" "install" "-g" "plugman"
60 error cwd /Users/sandorfehervari/Documents/Suli/Szakdoga/AnalogDisplayReader/www
61 error node -v v0.10.33
62 error npm -v 1.4.28
63 error path /usr/local/lib/node_modules/plugman
64 error fstream_path /usr/local/lib/node_modules/plugman
65 error fstream_type Directory
66 error fstream_class DirWriter
67 error code EACCES
68 error errno 3
69 error stack Error: EACCES, mkdir '/usr/local/lib/node_modules/plugman'
70 error fstream_stack /usr/local/lib/node_modules/npm/node_modules/fstream/lib/dir-writer.js:36:23
70 error fstream_stack /usr/local/lib/node_modules/npm/node_modules/mkdirp/index.js:46:53
70 error fstream_stack Object.oncomplete (fs.js:107:15)
71 verbose exit [ 3, true ]
